#-----------------------------------------------------------
# Vivado v2018.1 (64-bit)
# SW Build 2188600 on Wed Apr  4 18:40:38 MDT 2018
# IP Build 2185939 on Wed Apr  4 20:55:05 MDT 2018
# Start of session at: Fri Jun 15 14:35:45 2018
# Process ID: 7844
# Current directory: C:/Users/hugob/Desktop/Stage/Projets/demo_VHDL_2
# Command line: vivado.exe -gui_launcher_event rodinguilauncherevent7584 C:\Users\hugob\Desktop\Stage\Projets\demo_VHDL_2\demo_VHDL_2.xpr
# Log file: C:/Users/hugob/Desktop/Stage/Projets/demo_VHDL_2/vivado.log
# Journal file: C:/Users/hugob/Desktop/Stage/Projets/demo_VHDL_2\vivado.jou
#-----------------------------------------------------------
start_gui
open_project C:/Users/hugob/Desktop/Stage/Projets/demo_VHDL_2/demo_VHDL_2.xpr
Scanning sources...
Finished scanning sources
INFO: [IP_Flow 19-234] Refreshing IP repositories
INFO: [IP_Flow 19-1704] No user IP repositories specified
INFO: [IP_Flow 19-2313] Loaded Vivado IP repository 'C:/Vivado/Vivado/2018.1/data/ip'.
open_project: Time (s): cpu = 00:00:09 ; elapsed = 00:00:05 . Memory (MB): peak = 815.695 ; gain = 75.895
update_compile_order -fileset sources_1
exit
INFO: [Common 17-206] Exiting Vivado at Fri Jun 15 14:54:07 2018...
