#-----------------------------------------------------------
# Vivado v2018.1 (64-bit)
# SW Build 2188600 on Wed Apr  4 18:40:38 MDT 2018
# IP Build 2185939 on Wed Apr  4 20:55:05 MDT 2018
# Start of session at: Fri May  4 16:05:01 2018
# Process ID: 15792
# Current directory: C:/Users/hugob/Desktop/demo_VHDL_2
# Command line: vivado.exe -gui_launcher_event rodinguilauncherevent1436 C:\Users\hugob\Desktop\demo_VHDL_2\demo_VHDL_2.xpr
# Log file: C:/Users/hugob/Desktop/demo_VHDL_2/vivado.log
# Journal file: C:/Users/hugob/Desktop/demo_VHDL_2\vivado.jou
#-----------------------------------------------------------
start_gui
open_project C:/Users/hugob/Desktop/demo_VHDL_2/demo_VHDL_2.xpr
Scanning sources...
Finished scanning sources
INFO: [IP_Flow 19-234] Refreshing IP repositories
INFO: [IP_Flow 19-1704] No user IP repositories specified
INFO: [IP_Flow 19-2313] Loaded Vivado IP repository 'C:/Vivado/Vivado/2018.1/data/ip'.
open_project: Time (s): cpu = 00:00:16 ; elapsed = 00:00:07 . Memory (MB): peak = 818.875 ; gain = 130.348
update_compile_order -fileset sources_1
exit
INFO: [Common 17-206] Exiting Vivado at Fri May  4 17:46:10 2018...
