#-----------------------------------------------------------
# Vivado v2018.1 (64-bit)
# SW Build 2188600 on Wed Apr  4 18:40:38 MDT 2018
# IP Build 2185939 on Wed Apr  4 20:55:05 MDT 2018
# Start of session at: Thu Apr 26 16:12:14 2018
# Process ID: 9852
# Current directory: C:/Users/hugob/Desktop/demo_VERILOG
# Command line: vivado.exe -gui_launcher_event rodinguilauncherevent12916 C:\Users\hugob\Desktop\demo_VERILOG\demo_VERILOG.xpr
# Log file: C:/Users/hugob/Desktop/demo_VERILOG/vivado.log
# Journal file: C:/Users/hugob/Desktop/demo_VERILOG\vivado.jou
#-----------------------------------------------------------
start_gui
open_project C:/Users/hugob/Desktop/demo_VERILOG/demo_VERILOG.xpr
Scanning sources...
Finished scanning sources
INFO: [IP_Flow 19-234] Refreshing IP repositories
INFO: [IP_Flow 19-1704] No user IP repositories specified
INFO: [IP_Flow 19-2313] Loaded Vivado IP repository 'C:/Vivado/Vivado/2018.1/data/ip'.
open_project: Time (s): cpu = 00:00:27 ; elapsed = 00:00:13 . Memory (MB): peak = 822.781 ; gain = 82.246
update_compile_order -fileset sources_1
exit
INFO: [Common 17-206] Exiting Vivado at Thu Apr 26 17:27:20 2018...
